#-----------------------------------------------------------
# Vivado v2016.4 (64-bit)
# SW Build 1756540 on Mon Jan 23 19:11:19 MST 2017
# IP Build 1755317 on Mon Jan 23 20:30:07 MST 2017
# Start of session at: Tue Apr  4 16:47:53 2017
# Process ID: 9151
# Current directory: /home/swkang/pwm_mod/PWM
# Command line: vivado
# Log file: /home/swkang/pwm_mod/PWM/vivado.log
# Journal file: /home/swkang/pwm_mod/PWM/vivado.jou
#-----------------------------------------------------------
start_gui
open_project /home/swkang/pwm_mod/PWM/modulator.xpr
INFO: [Project 1-313] Project file moved from '/home/brian/0404/modulator' since last save.
CRITICAL WARNING: [Project 1-311] Could not find the file '/home/swkang/pwm_mod/Modulator Verilog files/Basic_FPGA_Tutorial_Vivado_Verilog_sources/sine_values.dat', nor could it be found using path '/home/brian/0404/Modulator Verilog files/Basic_FPGA_Tutorial_Vivado_Verilog_sources/sine_values.dat'.
Scanning sources...
Finished scanning sources
INFO: [IP_Flow 19-234] Refreshing IP repositories
INFO: [IP_Flow 19-1704] No user IP repositories specified
INFO: [IP_Flow 19-2313] Loaded Vivado IP repository '/opt/Xilinx/Vivado/2016.4/data/ip'.
WARNING: [IP_Flow 19-3899] Cannot get the environment domain name variable for the component vendor name. Setting the vendor name to 'user.org'.
exit
INFO: [Common 17-206] Exiting Vivado at Tue Apr  4 16:54:08 2017...
