
*** Running vivado
    with args -log modulator_ipi_xlconstant_1_0.vds -m64 -product Vivado -mode batch -messageDb vivado.pb -notrace -source modulator_ipi_xlconstant_1_0.tcl

awk: symbol lookup error: awk: undefined symbol: mpfr_z_sub

****** Vivado v2016.4 (64-bit)
  **** SW Build 1756540 on Mon Jan 23 19:11:19 MST 2017
  **** IP Build 1755317 on Mon Jan 23 20:30:07 MST 2017
    ** Copyright 1986-2016 Xilinx, Inc. All Rights Reserved.

source modulator_ipi_xlconstant_1_0.tcl -notrace
awk: symbol lookup error: awk: undefined symbol: mpfr_z_sub
Starting Synthesize : Time (s): cpu = 00:00:05 ; elapsed = 00:00:09 . Memory (MB): peak = 1057.809 ; gain = 126.086 ; free physical = 897 ; free virtual = 17198
INFO: [Synth 8-638] synthesizing module 'modulator_ipi_xlconstant_1_0' [/home/brian/0404/IP_Integrator/modulator_ipi/modulator_ipi.srcs/sources_1/bd/modulator_ipi/ip/modulator_ipi_xlconstant_1_0/sim/modulator_ipi_xlconstant_1_0.v:56]
INFO: [Synth 8-638] synthesizing module 'xlconstant' [/home/brian/0404/IP_Integrator/modulator_ipi/modulator_ipi.srcs/sources_1/bd/modulator_ipi/ipshared/e147/xlconstant.v:23]
INFO: [Synth 8-256] done synthesizing module 'xlconstant' (1#1) [/home/brian/0404/IP_Integrator/modulator_ipi/modulator_ipi.srcs/sources_1/bd/modulator_ipi/ipshared/e147/xlconstant.v:23]
INFO: [Synth 8-256] done synthesizing module 'modulator_ipi_xlconstant_1_0' (2#1) [/home/brian/0404/IP_Integrator/modulator_ipi/modulator_ipi.srcs/sources_1/bd/modulator_ipi/ip/modulator_ipi_xlconstant_1_0/sim/modulator_ipi_xlconstant_1_0.v:56]
Finished Synthesize : Time (s): cpu = 00:00:06 ; elapsed = 00:00:09 . Memory (MB): peak = 1098.277 ; gain = 166.555 ; free physical = 811 ; free virtual = 17115
Finished Constraint Validation : Time (s): cpu = 00:00:06 ; elapsed = 00:00:09 . Memory (MB): peak = 1098.277 ; gain = 166.555 ; free physical = 811 ; free virtual = 17114
Finished Loading Part and Timing Information : Time (s): cpu = 00:00:06 ; elapsed = 00:00:09 . Memory (MB): peak = 1106.281 ; gain = 174.559 ; free physical = 811 ; free virtual = 17114
Finished RTL Optimization Phase 2 : Time (s): cpu = 00:00:06 ; elapsed = 00:00:09 . Memory (MB): peak = 1106.281 ; gain = 174.559 ; free physical = 811 ; free virtual = 17114
INFO: [Device 21-403] Loading part xc7z020clg484-1
Finished Cross Boundary and Area Optimization : Time (s): cpu = 00:00:08 ; elapsed = 00:00:12 . Memory (MB): peak = 1191.602 ; gain = 259.879 ; free physical = 616 ; free virtual = 16945
Finished Timing Optimization : Time (s): cpu = 00:00:08 ; elapsed = 00:00:12 . Memory (MB): peak = 1191.602 ; gain = 259.879 ; free physical = 614 ; free virtual = 16944
Finished Technology Mapping : Time (s): cpu = 00:00:08 ; elapsed = 00:00:12 . Memory (MB): peak = 1199.609 ; gain = 267.887 ; free physical = 601 ; free virtual = 16930
Finished IO Insertion : Time (s): cpu = 00:00:09 ; elapsed = 00:00:12 . Memory (MB): peak = 1199.609 ; gain = 267.887 ; free physical = 601 ; free virtual = 16930
Finished Renaming Generated Instances : Time (s): cpu = 00:00:09 ; elapsed = 00:00:12 . Memory (MB): peak = 1199.609 ; gain = 267.887 ; free physical = 601 ; free virtual = 16930
Finished Rebuilding User Hierarchy : Time (s): cpu = 00:00:09 ; elapsed = 00:00:12 . Memory (MB): peak = 1199.609 ; gain = 267.887 ; free physical = 601 ; free virtual = 16930
Finished Renaming Generated Ports : Time (s): cpu = 00:00:09 ; elapsed = 00:00:12 . Memory (MB): peak = 1199.609 ; gain = 267.887 ; free physical = 601 ; free virtual = 16930
Finished Handling Custom Attributes : Time (s): cpu = 00:00:09 ; elapsed = 00:00:12 . Memory (MB): peak = 1199.609 ; gain = 267.887 ; free physical = 601 ; free virtual = 16930
Finished Renaming Generated Nets : Time (s): cpu = 00:00:09 ; elapsed = 00:00:12 . Memory (MB): peak = 1199.609 ; gain = 267.887 ; free physical = 601 ; free virtual = 16930

Report Cell Usage: 
+-+-----+------+
| |Cell |Count |
+-+-----+------+
+-+-----+------+
Finished Writing Synthesis Report : Time (s): cpu = 00:00:09 ; elapsed = 00:00:12 . Memory (MB): peak = 1199.609 ; gain = 267.887 ; free physical = 601 ; free virtual = 16930
synth_design: Time (s): cpu = 00:00:08 ; elapsed = 00:00:10 . Memory (MB): peak = 1323.414 ; gain = 324.188 ; free physical = 396 ; free virtual = 16758
write_checkpoint: Time (s): cpu = 00:00:07 ; elapsed = 00:00:19 . Memory (MB): peak = 1711.934 ; gain = 388.520 ; free physical = 128 ; free virtual = 15980
