Copyright 1986-2016 Xilinx, Inc. All Rights Reserved.
---------------------------------------------------------------------------------------------------------------------------------------------
| Tool Version : Vivado v.2016.4 (lin64) Build 1756540 Mon Jan 23 19:11:19 MST 2017
| Date         : Wed Apr  5 13:24:33 2017
| Host         : brian-Linux-16-04 running 64-bit Ubuntu 16.04.2 LTS
| Command      : report_drc -file modulator_wrapper_drc_routed.rpt -pb modulator_wrapper_drc_routed.pb -rpx modulator_wrapper_drc_routed.rpx
| Design       : modulator_wrapper
| Device       : xc7z020clg484-1
| Speed File   : -1
| Design State : Routed
---------------------------------------------------------------------------------------------------------------------------------------------

Report DRC

Table of Contents
-----------------
1. REPORT SUMMARY
2. REPORT DETAILS

1. REPORT SUMMARY
-----------------
            Netlist: netlist
          Floorplan: design_1
      Design limits: <entire design considered>
           Ruledeck: default
             Max violations: <unlimited>
             Violations found: 1
+--------+----------+--------------------+------------+
| Rule   | Severity | Description        | Violations |
+--------+----------+--------------------+------------+
| ZPS7-1 | Warning  | PS7 block required | 1          |
+--------+----------+--------------------+------------+

2. REPORT DETAILS
-----------------
ZPS7-1#1 Warning
PS7 block required  
The PS7 cell must be used in this Zynq design in order to enable correct default configuration.
Related violations: <none>


