Copyright 1986-2016 Xilinx, Inc. All Rights Reserved.
-----------------------------------------------------------------------------------------------------------------------------------------
| Tool Version : Vivado v.2016.4 (lin64) Build 1756540 Mon Jan 23 19:11:19 MST 2017
| Date         : Wed Apr  5 13:24:34 2017
| Host         : brian-Linux-16-04 running 64-bit Ubuntu 16.04.2 LTS
| Command      : report_methodology -file modulator_wrapper_methodology_drc_routed.rpt -rpx modulator_wrapper_methodology_drc_routed.rpx
| Design       : modulator_wrapper
| Device       : xc7z020clg484-1
| Speed File   : -1
| Design State : Routed
-----------------------------------------------------------------------------------------------------------------------------------------

Report Methodology

Table of Contents
-----------------
1. REPORT SUMMARY
2. REPORT DETAILS

1. REPORT SUMMARY
-----------------
            Netlist: netlist
          Floorplan: design_1
      Design limits: <entire design considered>
             Max violations: <unlimited>
             Violations found: 2
+-----------+----------+-------------------------------+------------+
| Rule      | Severity | Description                   | Violations |
+-----------+----------+-------------------------------+------------+
| TIMING-18 | Warning  | Missing input or output delay | 2          |
+-----------+----------+-------------------------------+------------+

2. REPORT DETAILS
-----------------
TIMING-18#1 Warning
Missing input or output delay  
An input delay is missing on sw0 relative to clock(s) clk_p 
Related violations: <none>

TIMING-18#2 Warning
Missing input or output delay  
An output delay is missing on pwm_out relative to clock(s) clk_p 
Related violations: <none>


