
*** Running vivado
    with args -log frequency_trigger_ip.vds -m64 -product Vivado -mode batch -messageDb vivado.pb -notrace -source frequency_trigger_ip.tcl

awk: symbol lookup error: awk: undefined symbol: mpfr_z_sub

****** Vivado v2016.4 (64-bit)
  **** SW Build 1756540 on Mon Jan 23 19:11:19 MST 2017
  **** IP Build 1755317 on Mon Jan 23 20:30:07 MST 2017
    ** Copyright 1986-2016 Xilinx, Inc. All Rights Reserved.

source frequency_trigger_ip.tcl -notrace
Command: synth_design -top frequency_trigger_ip -part xc7z020clg484-1 -mode out_of_context
Starting synth_design
Attempting to get a license for feature 'Synthesis' and/or device 'xc7z020'
INFO: [Common 17-349] Got license for feature 'Synthesis' and/or device 'xc7z020'
INFO: Launching helper process for spawning children vivado processes
INFO: Helper process launched with PID 28135 
awk: symbol lookup error: awk: undefined symbol: mpfr_z_sub
---------------------------------------------------------------------------------
Starting Synthesize : Time (s): cpu = 00:00:05 ; elapsed = 00:00:07 . Memory (MB): peak = 1057.809 ; gain = 126.086 ; free physical = 1345 ; free virtual = 18038
---------------------------------------------------------------------------------
INFO: [Synth 8-638] synthesizing module 'frequency_trigger_ip' [/home/brian/0404/IP_Package/modulator_ip/modulator_ip.srcs/sources_1/ip/frequency_trigger_ip/synth/frequency_trigger_ip.v:56]
INFO: [Synth 8-638] synthesizing module 'frequency_trigger' [/home/brian/0404/IP_Package/modulator_ip/modulator_ip.srcs/sources_1/ip/frequency_trigger_ip/frequency_trigger_rtl.v:3]
INFO: [Synth 8-256] done synthesizing module 'frequency_trigger' (1#1) [/home/brian/0404/IP_Package/modulator_ip/modulator_ip.srcs/sources_1/ip/frequency_trigger_ip/frequency_trigger_rtl.v:3]
INFO: [Synth 8-256] done synthesizing module 'frequency_trigger_ip' (2#1) [/home/brian/0404/IP_Package/modulator_ip/modulator_ip.srcs/sources_1/ip/frequency_trigger_ip/synth/frequency_trigger_ip.v:56]
---------------------------------------------------------------------------------
Finished Synthesize : Time (s): cpu = 00:00:05 ; elapsed = 00:00:08 . Memory (MB): peak = 1098.277 ; gain = 166.555 ; free physical = 1301 ; free virtual = 17995
---------------------------------------------------------------------------------
---------------------------------------------------------------------------------
Finished Constraint Validation : Time (s): cpu = 00:00:05 ; elapsed = 00:00:08 . Memory (MB): peak = 1098.277 ; gain = 166.555 ; free physical = 1300 ; free virtual = 17995
---------------------------------------------------------------------------------
---------------------------------------------------------------------------------
Start Loading Part and Timing Information
---------------------------------------------------------------------------------
Loading part: xc7z020clg484-1
---------------------------------------------------------------------------------
Finished Loading Part and Timing Information : Time (s): cpu = 00:00:05 ; elapsed = 00:00:08 . Memory (MB): peak = 1106.281 ; gain = 174.559 ; free physical = 1300 ; free virtual = 17995
---------------------------------------------------------------------------------
---------------------------------------------------------------------------------
Finished RTL Optimization Phase 2 : Time (s): cpu = 00:00:05 ; elapsed = 00:00:08 . Memory (MB): peak = 1114.289 ; gain = 182.566 ; free physical = 1292 ; free virtual = 17987
---------------------------------------------------------------------------------

Report RTL Partitions: 
+-+--------------+------------+----------+
| |RTL Partition |Replication |Instances |
+-+--------------+------------+----------+
+-+--------------+------------+----------+
No constraint files found.
---------------------------------------------------------------------------------
Start RTL Component Statistics 
---------------------------------------------------------------------------------
Detailed RTL Component Info : 
+---Adders : 
	   2 Input     32 Bit       Adders := 2     
+---Registers : 
	                1 Bit    Registers := 1     
+---Muxes : 
	   2 Input      1 Bit        Muxes := 2     
---------------------------------------------------------------------------------
Finished RTL Component Statistics 
---------------------------------------------------------------------------------
---------------------------------------------------------------------------------
Start RTL Hierarchical Component Statistics 
---------------------------------------------------------------------------------
Hierarchical RTL Component report 
Module frequency_trigger 
Detailed RTL Component Info : 
+---Adders : 
	   2 Input     32 Bit       Adders := 2     
+---Registers : 
	                1 Bit    Registers := 1     
+---Muxes : 
	   2 Input      1 Bit        Muxes := 2     
---------------------------------------------------------------------------------
Finished RTL Hierarchical Component Statistics
---------------------------------------------------------------------------------
---------------------------------------------------------------------------------
Start Part Resource Summary
---------------------------------------------------------------------------------
INFO: [Device 21-403] Loading part xc7z020clg484-1
Part Resources:
DSPs: 220 (col length:60)
BRAMs: 280 (col length: RAMB18 60 RAMB36 30)
---------------------------------------------------------------------------------
Finished Part Resource Summary
---------------------------------------------------------------------------------
No constraint files found.
---------------------------------------------------------------------------------
Start Cross Boundary and Area Optimization
---------------------------------------------------------------------------------
---------------------------------------------------------------------------------
Finished Cross Boundary and Area Optimization : Time (s): cpu = 00:00:08 ; elapsed = 00:00:11 . Memory (MB): peak = 1216.625 ; gain = 284.902 ; free physical = 1161 ; free virtual = 17886
---------------------------------------------------------------------------------

Report RTL Partitions: 
+-+--------------+------------+----------+
| |RTL Partition |Replication |Instances |
+-+--------------+------------+----------+
+-+--------------+------------+----------+
---------------------------------------------------------------------------------
Start Timing Optimization
---------------------------------------------------------------------------------
No constraint files found.
---------------------------------------------------------------------------------
Finished Timing Optimization : Time (s): cpu = 00:00:08 ; elapsed = 00:00:11 . Memory (MB): peak = 1216.625 ; gain = 284.902 ; free physical = 1161 ; free virtual = 17886
---------------------------------------------------------------------------------

Report RTL Partitions: 
+-+--------------+------------+----------+
| |RTL Partition |Replication |Instances |
+-+--------------+------------+----------+
+-+--------------+------------+----------+
---------------------------------------------------------------------------------
Start Technology Mapping
---------------------------------------------------------------------------------
---------------------------------------------------------------------------------
Finished Technology Mapping : Time (s): cpu = 00:00:08 ; elapsed = 00:00:11 . Memory (MB): peak = 1225.641 ; gain = 293.918 ; free physical = 1152 ; free virtual = 17877
---------------------------------------------------------------------------------

Report RTL Partitions: 
+-+--------------+------------+----------+
| |RTL Partition |Replication |Instances |
+-+--------------+------------+----------+
+-+--------------+------------+----------+
---------------------------------------------------------------------------------
Start IO Insertion
---------------------------------------------------------------------------------
---------------------------------------------------------------------------------
Start Flattening Before IO Insertion
---------------------------------------------------------------------------------
---------------------------------------------------------------------------------
Finished Flattening Before IO Insertion
---------------------------------------------------------------------------------
---------------------------------------------------------------------------------
Start Final Netlist Cleanup
---------------------------------------------------------------------------------
---------------------------------------------------------------------------------
Finished Final Netlist Cleanup
---------------------------------------------------------------------------------
---------------------------------------------------------------------------------
Finished IO Insertion : Time (s): cpu = 00:00:08 ; elapsed = 00:00:11 . Memory (MB): peak = 1225.641 ; gain = 293.918 ; free physical = 1146 ; free virtual = 17878
---------------------------------------------------------------------------------

Report Check Netlist: 
+------+------------------+-------+---------+-------+------------------+
|      |Item              |Errors |Warnings |Status |Description       |
+------+------------------+-------+---------+-------+------------------+
|1     |multi_driven_nets |      0|        0|Passed |Multi driven nets |
+------+------------------+-------+---------+-------+------------------+
---------------------------------------------------------------------------------
Start Renaming Generated Instances
---------------------------------------------------------------------------------
---------------------------------------------------------------------------------
Finished Renaming Generated Instances : Time (s): cpu = 00:00:08 ; elapsed = 00:00:11 . Memory (MB): peak = 1225.641 ; gain = 293.918 ; free physical = 1146 ; free virtual = 17878
---------------------------------------------------------------------------------

Report RTL Partitions: 
+-+--------------+------------+----------+
| |RTL Partition |Replication |Instances |
+-+--------------+------------+----------+
+-+--------------+------------+----------+
---------------------------------------------------------------------------------
Start Rebuilding User Hierarchy
---------------------------------------------------------------------------------
---------------------------------------------------------------------------------
Finished Rebuilding User Hierarchy : Time (s): cpu = 00:00:08 ; elapsed = 00:00:11 . Memory (MB): peak = 1225.641 ; gain = 293.918 ; free physical = 1146 ; free virtual = 17878
---------------------------------------------------------------------------------
---------------------------------------------------------------------------------
Start Renaming Generated Ports
---------------------------------------------------------------------------------
---------------------------------------------------------------------------------
Finished Renaming Generated Ports : Time (s): cpu = 00:00:08 ; elapsed = 00:00:11 . Memory (MB): peak = 1225.641 ; gain = 293.918 ; free physical = 1146 ; free virtual = 17878
---------------------------------------------------------------------------------
---------------------------------------------------------------------------------
Start Handling Custom Attributes
---------------------------------------------------------------------------------
---------------------------------------------------------------------------------
Finished Handling Custom Attributes : Time (s): cpu = 00:00:08 ; elapsed = 00:00:12 . Memory (MB): peak = 1225.641 ; gain = 293.918 ; free physical = 1146 ; free virtual = 17878
---------------------------------------------------------------------------------
---------------------------------------------------------------------------------
Start Renaming Generated Nets
---------------------------------------------------------------------------------
---------------------------------------------------------------------------------
Finished Renaming Generated Nets : Time (s): cpu = 00:00:08 ; elapsed = 00:00:12 . Memory (MB): peak = 1225.641 ; gain = 293.918 ; free physical = 1146 ; free virtual = 17878
---------------------------------------------------------------------------------
---------------------------------------------------------------------------------
Start Writing Synthesis Report
---------------------------------------------------------------------------------

Report BlackBoxes: 
+-+--------------+----------+
| |BlackBox name |Instances |
+-+--------------+----------+
+-+--------------+----------+

Report Cell Usage: 
+------+-------+------+
|      |Cell   |Count |
+------+-------+------+
|1     |CARRY4 |    32|
|2     |LUT1   |    94|
|3     |LUT3   |     1|
|4     |LUT4   |    64|
|5     |FDRE   |    33|
+------+-------+------+

Report Instance Areas: 
+------+---------+------------------+------+
|      |Instance |Module            |Cells |
+------+---------+------------------+------+
|1     |top      |                  |   224|
|2     |  inst   |frequency_trigger |   224|
+------+---------+------------------+------+
---------------------------------------------------------------------------------
Finished Writing Synthesis Report : Time (s): cpu = 00:00:08 ; elapsed = 00:00:12 . Memory (MB): peak = 1225.641 ; gain = 293.918 ; free physical = 1146 ; free virtual = 17878
---------------------------------------------------------------------------------
Synthesis finished with 0 errors, 0 critical warnings and 0 warnings.
Synthesis Optimization Runtime : Time (s): cpu = 00:00:06 ; elapsed = 00:00:07 . Memory (MB): peak = 1225.641 ; gain = 213.828 ; free physical = 1146 ; free virtual = 17878
Synthesis Optimization Complete : Time (s): cpu = 00:00:08 ; elapsed = 00:00:12 . Memory (MB): peak = 1225.648 ; gain = 293.926 ; free physical = 1146 ; free virtual = 17878
INFO: [Project 1-571] Translating synthesized netlist
INFO: [Netlist 29-17] Analyzing 32 Unisim elements for replacement
INFO: [Netlist 29-28] Unisim Transformation completed in 0 CPU seconds
INFO: [Project 1-570] Preparing netlist for logic optimization
INFO: [Opt 31-138] Pushed 0 inverter(s) to 0 load pin(s).
INFO: [Project 1-111] Unisim Transformation Summary:
No Unisim elements were transformed.

INFO: [Common 17-83] Releasing license: Synthesis
13 Infos, 0 Warnings, 0 Critical Warnings and 0 Errors encountered.
synth_design completed successfully
synth_design: Time (s): cpu = 00:00:08 ; elapsed = 00:00:10 . Memory (MB): peak = 1332.445 ; gain = 333.219 ; free physical = 1034 ; free virtual = 17804
INFO: [Timing 38-35] Done setting XDC timing constraints.
INFO: [Common 17-1381] The checkpoint '/home/brian/0404/IP_Package/modulator_ip/modulator_ip.runs/frequency_trigger_ip_synth_1/frequency_trigger_ip.dcp' has been generated.
write_checkpoint: Time (s): cpu = 00:00:07 ; elapsed = 00:00:07 . Memory (MB): peak = 1791.965 ; gain = 459.520 ; free physical = 700 ; free virtual = 17471
INFO: [Common 17-1381] The checkpoint '/home/brian/0404/IP_Package/modulator_ip/modulator_ip.runs/frequency_trigger_ip_synth_1/frequency_trigger_ip.dcp' has been generated.
report_utilization: Time (s): cpu = 00:00:00.07 ; elapsed = 00:00:00.11 . Memory (MB): peak = 1791.965 ; gain = 0.000 ; free physical = 695 ; free virtual = 17470
INFO: [Common 17-206] Exiting Vivado at Thu Apr  6 11:18:22 2017...
