
*** Running vivado
    with args -log modulator_ipi_sine_0_0.vds -m64 -product Vivado -mode batch -messageDb vivado.pb -notrace -source modulator_ipi_sine_0_0.tcl

awk: symbol lookup error: awk: undefined symbol: mpfr_z_sub

****** Vivado v2016.4 (64-bit)
  **** SW Build 1756540 on Mon Jan 23 19:11:19 MST 2017
  **** IP Build 1755317 on Mon Jan 23 20:30:07 MST 2017
    ** Copyright 1986-2016 Xilinx, Inc. All Rights Reserved.

source modulator_ipi_sine_0_0.tcl -notrace
Command: synth_design -top modulator_ipi_sine_0_0 -part xc7z020clg484-1 -mode out_of_context
Starting synth_design
Attempting to get a license for feature 'Synthesis' and/or device 'xc7z020'
INFO: [Common 17-349] Got license for feature 'Synthesis' and/or device 'xc7z020'
INFO: Launching helper process for spawning children vivado processes
INFO: Helper process launched with PID 18065 
awk: symbol lookup error: awk: undefined symbol: mpfr_z_sub
---------------------------------------------------------------------------------
Starting Synthesize : Time (s): cpu = 00:00:05 ; elapsed = 00:00:09 . Memory (MB): peak = 1057.805 ; gain = 126.086 ; free physical = 125 ; free virtual = 16918
---------------------------------------------------------------------------------
INFO: [Synth 8-638] synthesizing module 'modulator_ipi_sine_0_0' [/home/brian/0404/IP_Integrator/modulator_ipi/modulator_ipi.srcs/sources_1/bd/modulator_ipi/ip/modulator_ipi_sine_0_0/synth/modulator_ipi_sine_0_0.v:56]
INFO: [Synth 8-638] synthesizing module 'sine' [/home/brian/0404/IP_Integrator/modulator_ipi/modulator_ipi.srcs/sources_1/bd/modulator_ipi/ipshared/a805/sine_rtl.v:3]
	Parameter depth_p bound to: 10'b0000001000 
	Parameter width_p bound to: 10'b0000001100 
INFO: [Synth 8-3876] $readmem data file 'sine_values.dat' is read successfully [/home/brian/0404/IP_Integrator/modulator_ipi/modulator_ipi.srcs/sources_1/bd/modulator_ipi/ipshared/a805/sine_rtl.v:16]
INFO: [Synth 8-256] done synthesizing module 'sine' (1#1) [/home/brian/0404/IP_Integrator/modulator_ipi/modulator_ipi.srcs/sources_1/bd/modulator_ipi/ipshared/a805/sine_rtl.v:3]
INFO: [Synth 8-256] done synthesizing module 'modulator_ipi_sine_0_0' (2#1) [/home/brian/0404/IP_Integrator/modulator_ipi/modulator_ipi.srcs/sources_1/bd/modulator_ipi/ip/modulator_ipi_sine_0_0/synth/modulator_ipi_sine_0_0.v:56]
---------------------------------------------------------------------------------
Finished Synthesize : Time (s): cpu = 00:00:06 ; elapsed = 00:00:09 . Memory (MB): peak = 1098.273 ; gain = 166.555 ; free physical = 118 ; free virtual = 16834
---------------------------------------------------------------------------------
---------------------------------------------------------------------------------
Finished Constraint Validation : Time (s): cpu = 00:00:06 ; elapsed = 00:00:09 . Memory (MB): peak = 1098.273 ; gain = 166.555 ; free physical = 117 ; free virtual = 16834
---------------------------------------------------------------------------------
---------------------------------------------------------------------------------
Start Loading Part and Timing Information
---------------------------------------------------------------------------------
Loading part: xc7z020clg484-1
---------------------------------------------------------------------------------
Finished Loading Part and Timing Information : Time (s): cpu = 00:00:06 ; elapsed = 00:00:09 . Memory (MB): peak = 1106.277 ; gain = 174.559 ; free physical = 117 ; free virtual = 16834
---------------------------------------------------------------------------------
---------------------------------------------------------------------------------
Finished RTL Optimization Phase 2 : Time (s): cpu = 00:00:06 ; elapsed = 00:00:09 . Memory (MB): peak = 1114.285 ; gain = 182.566 ; free physical = 129 ; free virtual = 16830
---------------------------------------------------------------------------------

Report RTL Partitions: 
+-+--------------+------------+----------+
| |RTL Partition |Replication |Instances |
+-+--------------+------------+----------+
+-+--------------+------------+----------+
No constraint files found.
---------------------------------------------------------------------------------
Start RTL Component Statistics 
---------------------------------------------------------------------------------
Detailed RTL Component Info : 
+---Registers : 
	               12 Bit    Registers := 1     
+---ROMs : 
	                              ROMs := 1     
---------------------------------------------------------------------------------
Finished RTL Component Statistics 
---------------------------------------------------------------------------------
---------------------------------------------------------------------------------
Start RTL Hierarchical Component Statistics 
---------------------------------------------------------------------------------
Hierarchical RTL Component report 
Module sine 
Detailed RTL Component Info : 
+---Registers : 
	               12 Bit    Registers := 1     
+---ROMs : 
	                              ROMs := 1     
---------------------------------------------------------------------------------
Finished RTL Hierarchical Component Statistics
---------------------------------------------------------------------------------
---------------------------------------------------------------------------------
Start Part Resource Summary
---------------------------------------------------------------------------------
INFO: [Device 21-403] Loading part xc7z020clg484-1
Part Resources:
DSPs: 220 (col length:60)
BRAMs: 280 (col length: RAMB18 60 RAMB36 30)
---------------------------------------------------------------------------------
Finished Part Resource Summary
---------------------------------------------------------------------------------
No constraint files found.
---------------------------------------------------------------------------------
Start Cross Boundary and Area Optimization
---------------------------------------------------------------------------------
---------------------------------------------------------------------------------
Finished Cross Boundary and Area Optimization : Time (s): cpu = 00:00:09 ; elapsed = 00:00:13 . Memory (MB): peak = 1198.613 ; gain = 266.895 ; free physical = 123 ; free virtual = 16680
---------------------------------------------------------------------------------
---------------------------------------------------------------------------------
Start ROM, RAM, DSP and Shift Register Reporting
---------------------------------------------------------------------------------

ROM:
+------------+--------------+---------------+----------------+
|Module Name | RTL Object   | Depth x Width | Implemented As | 
+------------+--------------+---------------+----------------+
|sine        | sine_out_reg | 256x12        | Block RAM      | 
+------------+--------------+---------------+----------------+

---------------------------------------------------------------------------------
Finished ROM, RAM, DSP and Shift Register Reporting
---------------------------------------------------------------------------------

Report RTL Partitions: 
+-+--------------+------------+----------+
| |RTL Partition |Replication |Instances |
+-+--------------+------------+----------+
+-+--------------+------------+----------+
---------------------------------------------------------------------------------
Start Timing Optimization
---------------------------------------------------------------------------------
No constraint files found.
---------------------------------------------------------------------------------
Finished Timing Optimization : Time (s): cpu = 00:00:09 ; elapsed = 00:00:13 . Memory (MB): peak = 1198.613 ; gain = 266.895 ; free physical = 123 ; free virtual = 16680
---------------------------------------------------------------------------------

Report RTL Partitions: 
+-+--------------+------------+----------+
| |RTL Partition |Replication |Instances |
+-+--------------+------------+----------+
+-+--------------+------------+----------+
---------------------------------------------------------------------------------
Start Technology Mapping
---------------------------------------------------------------------------------
INFO: [Synth 8-4480] The timing for the instance inst/sine_out_reg (implemented as a block RAM) might be sub-optimal as no optional output register could be merged into the block ram. Providing additional output register may help in improving timing.
---------------------------------------------------------------------------------
Finished Technology Mapping : Time (s): cpu = 00:00:09 ; elapsed = 00:00:13 . Memory (MB): peak = 1206.621 ; gain = 274.902 ; free physical = 121 ; free virtual = 16671
---------------------------------------------------------------------------------

Report RTL Partitions: 
+-+--------------+------------+----------+
| |RTL Partition |Replication |Instances |
+-+--------------+------------+----------+
+-+--------------+------------+----------+
---------------------------------------------------------------------------------
Start IO Insertion
---------------------------------------------------------------------------------
---------------------------------------------------------------------------------
Start Flattening Before IO Insertion
---------------------------------------------------------------------------------
---------------------------------------------------------------------------------
Finished Flattening Before IO Insertion
---------------------------------------------------------------------------------
---------------------------------------------------------------------------------
Start Final Netlist Cleanup
---------------------------------------------------------------------------------
---------------------------------------------------------------------------------
Finished Final Netlist Cleanup
---------------------------------------------------------------------------------
---------------------------------------------------------------------------------
Finished IO Insertion : Time (s): cpu = 00:00:09 ; elapsed = 00:00:14 . Memory (MB): peak = 1206.621 ; gain = 274.902 ; free physical = 121 ; free virtual = 16659
---------------------------------------------------------------------------------

Report Check Netlist: 
+------+------------------+-------+---------+-------+------------------+
|      |Item              |Errors |Warnings |Status |Description       |
+------+------------------+-------+---------+-------+------------------+
|1     |multi_driven_nets |      0|        0|Passed |Multi driven nets |
+------+------------------+-------+---------+-------+------------------+
---------------------------------------------------------------------------------
Start Renaming Generated Instances
---------------------------------------------------------------------------------
---------------------------------------------------------------------------------
Finished Renaming Generated Instances : Time (s): cpu = 00:00:09 ; elapsed = 00:00:14 . Memory (MB): peak = 1206.621 ; gain = 274.902 ; free physical = 120 ; free virtual = 16657
---------------------------------------------------------------------------------

Report RTL Partitions: 
+-+--------------+------------+----------+
| |RTL Partition |Replication |Instances |
+-+--------------+------------+----------+
+-+--------------+------------+----------+
---------------------------------------------------------------------------------
Start Rebuilding User Hierarchy
---------------------------------------------------------------------------------
---------------------------------------------------------------------------------
Finished Rebuilding User Hierarchy : Time (s): cpu = 00:00:09 ; elapsed = 00:00:14 . Memory (MB): peak = 1206.621 ; gain = 274.902 ; free physical = 120 ; free virtual = 16657
---------------------------------------------------------------------------------
---------------------------------------------------------------------------------
Start Renaming Generated Ports
---------------------------------------------------------------------------------
---------------------------------------------------------------------------------
Finished Renaming Generated Ports : Time (s): cpu = 00:00:09 ; elapsed = 00:00:14 . Memory (MB): peak = 1206.621 ; gain = 274.902 ; free physical = 120 ; free virtual = 16657
---------------------------------------------------------------------------------
---------------------------------------------------------------------------------
Start Handling Custom Attributes
---------------------------------------------------------------------------------
---------------------------------------------------------------------------------
Finished Handling Custom Attributes : Time (s): cpu = 00:00:09 ; elapsed = 00:00:14 . Memory (MB): peak = 1206.621 ; gain = 274.902 ; free physical = 119 ; free virtual = 16657
---------------------------------------------------------------------------------
---------------------------------------------------------------------------------
Start Renaming Generated Nets
---------------------------------------------------------------------------------
---------------------------------------------------------------------------------
Finished Renaming Generated Nets : Time (s): cpu = 00:00:09 ; elapsed = 00:00:14 . Memory (MB): peak = 1206.621 ; gain = 274.902 ; free physical = 119 ; free virtual = 16657
---------------------------------------------------------------------------------
---------------------------------------------------------------------------------
Start Writing Synthesis Report
---------------------------------------------------------------------------------

Report BlackBoxes: 
+-+--------------+----------+
| |BlackBox name |Instances |
+-+--------------+----------+
+-+--------------+----------+

Report Cell Usage: 
+------+---------+------+
|      |Cell     |Count |
+------+---------+------+
|1     |RAMB18E1 |     1|
+------+---------+------+

Report Instance Areas: 
+------+---------+-------+------+
|      |Instance |Module |Cells |
+------+---------+-------+------+
|1     |top      |       |     1|
|2     |  inst   |sine   |     1|
+------+---------+-------+------+
---------------------------------------------------------------------------------
Finished Writing Synthesis Report : Time (s): cpu = 00:00:09 ; elapsed = 00:00:14 . Memory (MB): peak = 1206.621 ; gain = 274.902 ; free physical = 119 ; free virtual = 16657
---------------------------------------------------------------------------------
Synthesis finished with 0 errors, 0 critical warnings and 0 warnings.
Synthesis Optimization Runtime : Time (s): cpu = 00:00:07 ; elapsed = 00:00:08 . Memory (MB): peak = 1206.621 ; gain = 194.812 ; free physical = 118 ; free virtual = 16656
Synthesis Optimization Complete : Time (s): cpu = 00:00:09 ; elapsed = 00:00:14 . Memory (MB): peak = 1206.629 ; gain = 274.910 ; free physical = 118 ; free virtual = 16656
INFO: [Project 1-571] Translating synthesized netlist
INFO: [Netlist 29-17] Analyzing 1 Unisim elements for replacement
INFO: [Netlist 29-28] Unisim Transformation completed in 0 CPU seconds
INFO: [Project 1-570] Preparing netlist for logic optimization
INFO: [Opt 31-138] Pushed 0 inverter(s) to 0 load pin(s).
INFO: [Project 1-111] Unisim Transformation Summary:
No Unisim elements were transformed.

INFO: [Common 17-83] Releasing license: Synthesis
15 Infos, 0 Warnings, 0 Critical Warnings and 0 Errors encountered.
synth_design completed successfully
synth_design: Time (s): cpu = 00:00:09 ; elapsed = 00:00:11 . Memory (MB): peak = 1323.426 ; gain = 324.203 ; free physical = 143 ; free virtual = 16509
INFO: [Timing 38-35] Done setting XDC timing constraints.
INFO: [Common 17-1381] The checkpoint '/home/brian/0404/IP_Integrator/modulator_ipi/modulator_ipi.runs/modulator_ipi_sine_0_0_synth_1/modulator_ipi_sine_0_0.dcp' has been generated.
write_checkpoint: Time (s): cpu = 00:00:07 ; elapsed = 00:00:14 . Memory (MB): peak = 1719.945 ; gain = 396.520 ; free physical = 218 ; free virtual = 16136
INFO: [Common 17-1381] The checkpoint '/home/brian/0404/IP_Integrator/modulator_ipi/modulator_ipi.runs/modulator_ipi_sine_0_0_synth_1/modulator_ipi_sine_0_0.dcp' has been generated.
report_utilization: Time (s): cpu = 00:00:00.10 ; elapsed = 00:00:00.45 . Memory (MB): peak = 1719.945 ; gain = 0.000 ; free physical = 180 ; free virtual = 16160
INFO: [Common 17-206] Exiting Vivado at Thu Apr  6 14:41:19 2017...
